<?xml version="1.0" encoding="UTF-8"?>
<!-- Generated by org.testng.reporters.JUnitReportReporter -->
<testsuite hostname="DESKTOP-166QVCJ" failures="0" tests="1" name="com.ty.ecommercee.scripts.AddToCart" time="35.796" errors="0" timestamp="2021-06-06T14:37:25 IST" skipped="0">
  <testcase classname="com.ty.ecommercee.scripts.AddToCart" name="addToCart" time="35.796"/>
  <system-out/>
</testsuite> <!-- com.ty.ecommercee.scripts.AddToCart -->
